[2018-05-09 15:51:23] INFO: XHSI 2.0 Beta 9 started ( net.sourceforge.xhsi.XHSI / main ) 
[2018-05-09 15:51:23] CONFIG: Free  Memory: 483M ( net.sourceforge.xhsi.XHSI / main ) 
[2018-05-09 15:51:23] CONFIG: Total Memory: 491M ( net.sourceforge.xhsi.XHSI / main ) 
[2018-05-09 15:51:23] CONFIG: Max  Memory: 910M ( net.sourceforge.xhsi.XHSI / main ) 
[2018-05-09 15:51:23] FINE: Reading XHSI.properties ( net.sourceforge.xhsi.XHSIPreferences / load_preferences ) 
[2018-05-09 15:51:23] FINE: Navigation databases found ( net.sourceforge.xhsi.XHSIPreferences / validate_preferences ) 
[2018-05-09 15:51:23] CONFIG: Selected loglevel: CONFIG ( net.sourceforge.xhsi.XHSI / init ) 
[2018-05-09 15:51:24] INFO: Start reading AptNav resource files in aptnav.dir ( net.sourceforge.xhsi.model.aptnavdata.AptNavXP900DatNavigationObjectBuilder / read_all_tables ) 
[2018-05-09 15:51:24] CONFIG: Loading Custom Scenery APT F:\Program Files (x86)\X-Plane\X-Plane 10\Custom Scenery\Global Airports\Earth nav data\apt.dat ( net.sourceforge.xhsi.model.aptnavdata.AptNavXP900DatNavigationObjectBuilder / read_all_tables ) 
[2018-05-09 15:51:27] CONFIG: Loading Custom Scenery APT F:\Program Files (x86)\X-Plane\X-Plane 10\Custom Scenery\KSEA Demo Area\Earth nav data\apt.dat ( net.sourceforge.xhsi.model.aptnavdata.AptNavXP900DatNavigationObjectBuilder / read_all_tables ) 
[2018-05-09 15:51:27] CONFIG: Loading Custom Scenery APT F:\Program Files (x86)\X-Plane\X-Plane 10\Custom Scenery\LOWI Demo Area\Earth nav data\apt.dat ( net.sourceforge.xhsi.model.aptnavdata.AptNavXP900DatNavigationObjectBuilder / read_all_tables ) 
[2018-05-09 15:51:27] CONFIG: Loading Resources/default scenery APT F:\Program Files (x86)\X-Plane\X-Plane 10\Resources\default scenery\default apt dat\Earth nav data\apt.dat ( net.sourceforge.xhsi.model.aptnavdata.AptNavXP900DatNavigationObjectBuilder / scan_apt_files ) 
[2018-05-09 15:51:31] CONFIG: Reading NAV database ( F:\Program Files (x86)\X-Plane\X-Plane 10/Resources/default data/earth_nav.dat ) ( net.sourceforge.xhsi.model.aptnavdata.AptNavXP900DatNavigationObjectBuilder / read_nav_table ) 
[2018-05-09 15:51:31] INFO: NAV file format : 810 ( net.sourceforge.xhsi.model.aptnavdata.AptNavXP900DatNavigationObjectBuilder / read_nav_table ) 
[2018-05-09 15:51:31] WARNING: Error NAV.dat: no RWY found for 40N 29 IMQS ( net.sourceforge.xhsi.model.aptnavdata.AptNavXP900DatNavigationObjectBuilder / read_nav_table ) 
[2018-05-09 15:51:31] WARNING: Error NAV.dat: no RWY found for BGTL 08T IITL ( net.sourceforge.xhsi.model.aptnavdata.AptNavXP900DatNavigationObjectBuilder / read_nav_table ) 
[2018-05-09 15:51:31] WARNING: Error NAV.dat: no RWY found for EKSN 27 SDL ( net.sourceforge.xhsi.model.aptnavdata.AptNavXP900DatNavigationObjectBuilder / read_nav_table ) 
[2018-05-09 15:51:31] WARNING: Error NAV.dat: no RWY found for EPLL 25R ILOD ( net.sourceforge.xhsi.model.aptnavdata.AptNavXP900DatNavigationObjectBuilder / read_nav_table ) 
[2018-05-09 15:51:31] WARNING: Error NAV.dat: no RWY found for EPPO 29 POZ ( net.sourceforge.xhsi.model.aptnavdata.AptNavXP900DatNavigationObjectBuilder / read_nav_table ) 
[2018-05-09 15:51:31] WARNING: Error NAV.dat: no RWY found for ETNU 27 INEW ( net.sourceforge.xhsi.model.aptnavdata.AptNavXP900DatNavigationObjectBuilder / read_nav_table ) 
[2018-05-09 15:51:31] WARNING: Error NAV.dat: no RWY found for FADN 06 DAI ( net.sourceforge.xhsi.model.aptnavdata.AptNavXP900DatNavigationObjectBuilder / read_nav_table ) 
[2018-05-09 15:51:31] WARNING: Error NAV.dat: no RWY found for FADN 24 DNI ( net.sourceforge.xhsi.model.aptnavdata.AptNavXP900DatNavigationObjectBuilder / read_nav_table ) 
[2018-05-09 15:51:31] WARNING: Error NAV.dat: no RWY found for FLLS 10 LO ( net.sourceforge.xhsi.model.aptnavdata.AptNavXP900DatNavigationObjectBuilder / read_nav_table ) 
[2018-05-09 15:51:31] WARNING: Error NAV.dat: no RWY found for KCRP 13 ICRP ( net.sourceforge.xhsi.model.aptnavdata.AptNavXP900DatNavigationObjectBuilder / read_nav_table ) 
[2018-05-09 15:51:31] WARNING: Error NAV.dat: no RWY found for KHIO 13 IHIO ( net.sourceforge.xhsi.model.aptnavdata.AptNavXP900DatNavigationObjectBuilder / read_nav_table ) 
[2018-05-09 15:51:31] WARNING: Error NAV.dat: no RWY found for KTKI 17 IEFE ( net.sourceforge.xhsi.model.aptnavdata.AptNavXP900DatNavigationObjectBuilder / read_nav_table ) 
[2018-05-09 15:51:31] WARNING: Error NAV.dat: no RWY found for LEAM 26 IAM ( net.sourceforge.xhsi.model.aptnavdata.AptNavXP900DatNavigationObjectBuilder / read_nav_table ) 
[2018-05-09 15:51:31] WARNING: Error NAV.dat: no RWY found for LECO 22 LCO ( net.sourceforge.xhsi.model.aptnavdata.AptNavXP900DatNavigationObjectBuilder / read_nav_table ) 
[2018-05-09 15:51:31] WARNING: Error NAV.dat: no RWY found for LEMH 01L IMH ( net.sourceforge.xhsi.model.aptnavdata.AptNavXP900DatNavigationObjectBuilder / read_nav_table ) 
[2018-05-09 15:51:31] WARNING: Error NAV.dat: no RWY found for LEVX 20 VIG ( net.sourceforge.xhsi.model.aptnavdata.AptNavXP900DatNavigationObjectBuilder / read_nav_table ) 
[2018-05-09 15:51:31] WARNING: Error NAV.dat: no RWY found for LFMT 31R FG ( net.sourceforge.xhsi.model.aptnavdata.AptNavXP900DatNavigationObjectBuilder / read_nav_table ) 
[2018-05-09 15:51:31] WARNING: Error NAV.dat: no RWY found for LFSD 36 DJ ( net.sourceforge.xhsi.model.aptnavdata.AptNavXP900DatNavigationObjectBuilder / read_nav_table ) 
[2018-05-09 15:51:31] WARNING: Error NAV.dat: no RWY found for LFSF 01 MZ ( net.sourceforge.xhsi.model.aptnavdata.AptNavXP900DatNavigationObjectBuilder / read_nav_table ) 
[2018-05-09 15:51:31] WARNING: Error NAV.dat: no RWY found for LFSF 19 MZ ( net.sourceforge.xhsi.model.aptnavdata.AptNavXP900DatNavigationObjectBuilder / read_nav_table ) 
[2018-05-09 15:51:31] WARNING: Error NAV.dat: no RWY found for LKTB 28 BO ( net.sourceforge.xhsi.model.aptnavdata.AptNavXP900DatNavigationObjectBuilder / read_nav_table ) 
[2018-05-09 15:51:31] WARNING: Error NAV.dat: no RWY found for RCKU 18R IKUI ( net.sourceforge.xhsi.model.aptnavdata.AptNavXP900DatNavigationObjectBuilder / read_nav_table ) 
[2018-05-09 15:51:31] WARNING: Error NAV.dat: no RWY found for RCKU 36L ICHI ( net.sourceforge.xhsi.model.aptnavdata.AptNavXP900DatNavigationObjectBuilder / read_nav_table ) 
[2018-05-09 15:51:31] WARNING: Error NAV.dat: no RWY found for SAZB 17L BC ( net.sourceforge.xhsi.model.aptnavdata.AptNavXP900DatNavigationObjectBuilder / read_nav_table ) 
[2018-05-09 15:51:31] WARNING: Error NAV.dat: no RWY found for SPIM 15 JCH ( net.sourceforge.xhsi.model.aptnavdata.AptNavXP900DatNavigationObjectBuilder / read_nav_table ) 
[2018-05-09 15:51:31] WARNING: Error NAV.dat: no RWY found for WAAA 03 IUJP ( net.sourceforge.xhsi.model.aptnavdata.AptNavXP900DatNavigationObjectBuilder / read_nav_table ) 
[2018-05-09 15:51:31] WARNING: Error NAV.dat: no RWY found for WAAA 21 IMAK ( net.sourceforge.xhsi.model.aptnavdata.AptNavXP900DatNavigationObjectBuilder / read_nav_table ) 
[2018-05-09 15:51:31] WARNING: Error NAV.dat: no RWY found for WIMM 05 IDES ( net.sourceforge.xhsi.model.aptnavdata.AptNavXP900DatNavigationObjectBuilder / read_nav_table ) 
[2018-05-09 15:51:31] WARNING: Error NAV.dat: no RWY found for ZSPD 16R IZZ ( net.sourceforge.xhsi.model.aptnavdata.AptNavXP900DatNavigationObjectBuilder / read_nav_table ) 
[2018-05-09 15:51:31] WARNING: Error NAV.dat: no RWY found for ZSPD 34L IDD ( net.sourceforge.xhsi.model.aptnavdata.AptNavXP900DatNavigationObjectBuilder / read_nav_table ) 
[2018-05-09 15:51:31] WARNING: Error NAV.dat: no RWY found for KCRP 31 IEKI ( net.sourceforge.xhsi.model.aptnavdata.AptNavXP900DatNavigationObjectBuilder / read_nav_table ) 
[2018-05-09 15:51:31] WARNING: Error NAV.dat: no RWY found for KDXZ 19 ISGU ( net.sourceforge.xhsi.model.aptnavdata.AptNavXP900DatNavigationObjectBuilder / read_nav_table ) 
[2018-05-09 15:51:31] WARNING: Error NAV.dat: no ILS for GS IBW 11170 ( net.sourceforge.xhsi.model.aptnavdata.AptNavXP900DatNavigationObjectBuilder / read_nav_table ) 
[2018-05-09 15:51:31] WARNING: Error NAV.dat: no ILS for GS IHQ 10910 ( net.sourceforge.xhsi.model.aptnavdata.AptNavXP900DatNavigationObjectBuilder / read_nav_table ) 
[2018-05-09 15:51:31] WARNING: Error NAV.dat: no ILS for GS ISH 11030 ( net.sourceforge.xhsi.model.aptnavdata.AptNavXP900DatNavigationObjectBuilder / read_nav_table ) 
[2018-05-09 15:51:31] WARNING: Error NAV.dat: no VOR or Loc for DME IMON 11570 ( net.sourceforge.xhsi.model.aptnavdata.AptNavXP900DatNavigationObjectBuilder / read_nav_table ) 
[2018-05-09 15:51:31] WARNING: Error NAV.dat: no VOR or Loc for DME IHQ 10910 ( net.sourceforge.xhsi.model.aptnavdata.AptNavXP900DatNavigationObjectBuilder / read_nav_table ) 
[2018-05-09 15:51:31] WARNING: Error NAV.dat: no VOR or Loc for DME ISH 11030 ( net.sourceforge.xhsi.model.aptnavdata.AptNavXP900DatNavigationObjectBuilder / read_nav_table ) 
[2018-05-09 15:51:31] CONFIG: Reading FIX database ( F:\Program Files (x86)\X-Plane\X-Plane 10/Resources/default data/earth_fix.dat ) ( net.sourceforge.xhsi.model.aptnavdata.AptNavXP900DatNavigationObjectBuilder / read_fix_table ) 
[2018-05-09 15:51:31] INFO: FIX file format : 600 ( net.sourceforge.xhsi.model.aptnavdata.AptNavXP900DatNavigationObjectBuilder / read_fix_table ) 
[2018-05-09 15:51:32] CONFIG: Reading AWY database ( F:\Program Files (x86)\X-Plane\X-Plane 10/Resources/default data/earth_awy.dat ) ( net.sourceforge.xhsi.model.aptnavdata.AptNavXP900DatNavigationObjectBuilder / read_awy_table ) 
[2018-05-09 15:51:32] INFO: AWY file format : 640 ( net.sourceforge.xhsi.model.aptnavdata.AptNavXP900DatNavigationObjectBuilder / read_awy_table ) 
[2018-05-09 15:51:32] CONFIG: Received first packet from 127.0.0.1:56477 ( net.sourceforge.xhsi.model.xplane.XPlaneUDPSender / setDestination ) 
[2018-05-09 15:51:32] CONFIG: Plugin version 20009.0 ( net.sourceforge.xhsi.model.xplane.XPlaneDataPacketDecoder / decode_plugin_version ) 
[2018-05-09 15:51:32] WARNING: Receiving from XHSI_plugin version 2.0 Beta 9 ( net.sourceforge.xhsi.model.xplane.XPlaneDataPacketDecoder / new_sim_data ) 
[2018-05-09 18:07:45] WARNING: No UDP reception ( net.sourceforge.xhsi.model.xplane.XPlaneUDPReceiver / run ) 
